\BOOKMARK [0][-]{chapter.1}{Introducción}{}% 1
\BOOKMARK [1][-]{section.1.1}{Introducción a eventos catastróficos}{chapter.1}% 2
\BOOKMARK [1][-]{section.1.2}{Lasers como modelo de estudio practico.}{chapter.1}% 3
\BOOKMARK [1][-]{section.1.3}{Investigaciones existentes sobre eventos extremos en LASER}{chapter.1}% 4
\BOOKMARK [0][-]{chapter.2}{Modelo teorico}{}% 5
\BOOKMARK [1][-]{section.2.1}{El sistema:}{chapter.2}% 6
\BOOKMARK [2][-]{subsection.2.1.1}{Ecuaciones dinámicas del LASER}{section.2.1}% 7
\BOOKMARK [2][-]{subsection.2.1.2}{Metodo semiclasico: Relaciones de Maxwell-bloch}{section.2.1}% 8
\BOOKMARK [2][-]{subsection.2.1.3}{Normalizaciones y aproximaciones}{section.2.1}% 9
\BOOKMARK [2][-]{subsection.2.1.4}{Condiciones de borde}{section.2.1}% 10
\BOOKMARK [1][-]{section.2.2}{Elección de parámetros del sistema}{chapter.2}% 11
\BOOKMARK [0][-]{chapter.3}{Ruptura de simetría y decaimiento de |Ex|}{}% 12
\BOOKMARK [1][-]{section.3.1}{Intensidad y fase }{chapter.3}% 13
\BOOKMARK [2][-]{subsection.3.1.1}{Intensidades}{section.3.1}% 14
\BOOKMARK [2][-]{subsection.3.1.2}{Fase}{section.3.1}% 15
\BOOKMARK [1][-]{section.3.2}{Ruptura de simetría}{chapter.3}% 16
\BOOKMARK [2][-]{subsection.3.2.1}{Casos con modulación dependiente del tiempo}{section.3.2}% 17
\BOOKMARK [1][-]{section.3.3}{Multiestabilidad}{chapter.3}% 18
\BOOKMARK [2][-]{subsection.3.3.1}{m=0.02, w=237.3Khz}{section.3.3}% 19
\BOOKMARK [2][-]{subsection.3.3.2}{m=0.02, w=100Khz}{section.3.3}% 20
\BOOKMARK [0][-]{chapter.4}{Mapas}{}% 21
\BOOKMARK [1][-]{section.4.1}{Barridos en m}{chapter.4}% 22
\BOOKMARK [2][-]{subsection.4.1.1}{Mapa de un barrido en el parámetro m, con 0 = 0 \040y w=500Khz}{section.4.1}% 23
\BOOKMARK [2][-]{subsection.4.1.2}{Mapa de un barrido en el parámetro m, con 0 = 0 \040y w=473.34Khz}{section.4.1}% 24
\BOOKMARK [2][-]{subsection.4.1.3}{Mapa de un barrido en el parámetro m, con 0 =0 \040y w=379Khz}{section.4.1}% 25
\BOOKMARK [2][-]{subsection.4.1.4}{Mapa de un barrido en el parámetro m, con 0 = 0 \040y w=120Khz}{section.4.1}% 26
\BOOKMARK [1][-]{section.4.2}{Barrido en w}{chapter.4}% 27
\BOOKMARK [2][-]{subsection.4.2.1}{Mapa de un barrido en el parámetro w, m=0.015 y 0=0}{section.4.2}% 28
\BOOKMARK [2][-]{subsection.4.2.2}{Mapa de un barrido en el parámetro w, m=0.0187 y 0=0}{section.4.2}% 29
\BOOKMARK [2][-]{subsection.4.2.3}{Mapa de un barrido en el parámetro w, con 0 =0 \040y m=0.02}{section.4.2}% 30
\BOOKMARK [2][-]{subsection.4.2.4}{Mapa de un barrido en el parámetro w, con 0 =0 \040, m=0.02 y 0=10-5}{section.4.2}% 31
\BOOKMARK [2][-]{subsection.4.2.5}{Mapa de un barrido en el parámetro w, m=0.0202 y 0=0}{section.4.2}% 32
\BOOKMARK [2][-]{subsection.4.2.6}{Mapa de un barrido en el parámetro w, m=0.028 y 0=10-5}{section.4.2}% 33
\BOOKMARK [1][-]{section.4.3}{Barridos en }{chapter.4}% 34
\BOOKMARK [2][-]{subsection.4.3.1}{Mapa de un barrido en el parámetro , m=0.028 y w=379kHz}{section.4.3}% 35
\BOOKMARK [2][-]{subsection.4.3.2}{Mapa de un barrido en el parámetro , m=0.02/ y w=100kHz}{section.4.3}% 36
\BOOKMARK [2][-]{subsection.4.3.3}{Mapa de un barrido en el parámetro , m=0.02 y w=379kHz}{section.4.3}% 37
\BOOKMARK [0][-]{chapter.5}{Eventos extremos}{}% 38
\BOOKMARK [1][-]{subsection.5.0.4}{Coeficientes de Lyapunov}{chapter.5}% 39
\BOOKMARK [0][-]{chapter.6}{Eliminación adiabatica}{}% 40
\BOOKMARK [1][-]{section.6.1}{Posible eliminación adiabatica}{chapter.6}% 41
\BOOKMARK [0][-]{chapter.7}{Extra}{}% 42
\BOOKMARK [1][-]{section.7.1}{Comparación de la eliminacion adiabatica con modulación de amplitud}{chapter.7}% 43
\BOOKMARK [2][-]{subsection.7.1.1}{Eliminacion adiabatica}{section.7.1}% 44
\BOOKMARK [1][-]{section.7.2}{Detalles del código}{chapter.7}% 45
\BOOKMARK [2][-]{subsection.7.2.1}{Código utilizado para los barridos.}{section.7.2}% 46
\BOOKMARK [0][-]{chapter.8}{Conclusiones}{}% 47
\BOOKMARK [0][-]{chapter.8}{Bibliografia}{}% 48
